d:\c++\vector_project\vector_project\debug\vc142.pdb
d:\c++\vector_project\vector_project\debug\vc142.idb
d:\c++\vector_project\vector_project\debug\point.obj
d:\c++\vector_project\vector_project\debug\main.obj
d:\c++\vector_project\vector_project\debug\element.obj
d:\github\vector_project\vector_project\debug\vc142.pdb
d:\github\vector_project\vector_project\debug\vc142.idb
d:\github\vector_project\vector_project\debug\point.obj
d:\github\vector_project\vector_project\debug\main.obj
d:\github\vector_project\vector_project\debug\element.obj
d:\github\vector_project\vector_project\debug\vector.obj
d:\github\vector_project\vector_project\debug\line.obj
d:\github\vector_project\vector_project\debug\triangle.obj
d:\github\vector_project\vector_project\debug\segment.obj
d:\github\vector_project\vector_project\debug\vectorlengthexception.obj
d:\github\vector_project\vector_project\debug\equalpointexception.obj
d:\github\vector_project\vector_project\debug\interface.obj
d:\c++\vector_project\debug\vector_project.ilk
d:\c++\vector_project\debug\vector_project.exe
d:\c++\vector_project\debug\vector_project.pdb
d:\github\vector_project\debug\vector_project.pdb
d:\github\vector_project\debug\vector_project.exe
d:\github\vector_project\debug\vector_project.ilk
d:\github\vector_project\vector_project\debug\vector_project.tlog\cl.command.1.tlog
d:\github\vector_project\vector_project\debug\vector_project.tlog\cl.read.1.tlog
d:\github\vector_project\vector_project\debug\vector_project.tlog\cl.write.1.tlog
d:\github\vector_project\vector_project\debug\vector_project.tlog\link.command.1.tlog
d:\github\vector_project\vector_project\debug\vector_project.tlog\link.read.1.tlog
d:\github\vector_project\vector_project\debug\vector_project.tlog\link.write.1.tlog
